<?xml version="1.0" encoding="UTF-8"?>
<testsuite name="http.request.HttpRequestHeaderTest" tests="1" skipped="0" failures="0" errors="0" timestamp="2020-11-25T17:27:46" hostname="DESKTOP-L8UH5MK" time="0.0">
  <properties/>
  <testcase name="add()" classname="http.request.HttpRequestHeaderTest" time="0.0"/>
  <system-out><![CDATA[]]></system-out>
  <system-err><![CDATA[]]></system-err>
</testsuite>
