<?xml version="1.0" encoding="UTF-8"?>
<testsuite name="http.CookiesTest" tests="3" skipped="0" failures="0" errors="0" timestamp="2020-11-25T17:27:46" hostname="DESKTOP-L8UH5MK" time="0.013">
  <properties/>
  <testcase name="flat()" classname="http.CookiesTest" time="0.003"/>
  <testcase name="isEmpty_False()" classname="http.CookiesTest" time="0.009"/>
  <testcase name="isEmpty_True()" classname="http.CookiesTest" time="0.001"/>
  <system-out><![CDATA[]]></system-out>
  <system-err><![CDATA[]]></system-err>
</testsuite>
