<?xml version="1.0" encoding="UTF-8"?>
<testsuite name="utils.FileIoUtilsTest" tests="1" skipped="0" failures="0" errors="0" timestamp="2020-11-25T17:27:47" hostname="DESKTOP-L8UH5MK" time="0.003">
  <properties/>
  <testcase name="loadFileFromClasspath()" classname="utils.FileIoUtilsTest" time="0.003"/>
  <system-out><![CDATA[02:27:47.018 [Test worker] DEBUG utils.FileIoUtilsTest - file : <!doctype html>
<html lang="en">
<head>
    <meta charset="UTF-8">
    <meta name="viewport"
          content="width=device-width, user-scalable=no, initial-scale=1.0, maximum-scale=1.0, minimum-scale=1.0">
    <meta http-equiv="X-UA-Compatible" content="ie=edge">
    <title>Document</title>
</head>
<body>

</body>
</html>
]]></system-out>
  <system-err><![CDATA[]]></system-err>
</testsuite>
