<?xml version="1.0" encoding="UTF-8"?>
<testsuite name="http.request.HttpRequestLineTest" tests="3" skipped="0" failures="0" errors="0" timestamp="2020-11-25T17:27:46" hostname="DESKTOP-L8UH5MK" time="0.01">
  <properties/>
  <testcase name="getUri()" classname="http.request.HttpRequestLineTest" time="0.004"/>
  <testcase name="getMethod()" classname="http.request.HttpRequestLineTest" time="0.005"/>
  <testcase name="getValue()" classname="http.request.HttpRequestLineTest" time="0.0"/>
  <system-out><![CDATA[]]></system-out>
  <system-err><![CDATA[]]></system-err>
</testsuite>
