<?xml version="1.0" encoding="UTF-8"?>
<testsuite name="coordinate.FigureFactoryTest" tests="3" skipped="0" failures="0" errors="0" timestamp="2020-11-25T17:27:46" hostname="DESKTOP-L8UH5MK" time="0.127">
  <properties/>
  <testcase name="line()" classname="coordinate.FigureFactoryTest" time="0.124"/>
  <testcase name="rectangle()" classname="coordinate.FigureFactoryTest" time="0.001"/>
  <testcase name="triangle()" classname="coordinate.FigureFactoryTest" time="0.001"/>
  <system-out><![CDATA[]]></system-out>
  <system-err><![CDATA[]]></system-err>
</testsuite>
