<?xml version="1.0" encoding="UTF-8"?>
<testsuite name="http.response.HttpResponseBodyTest" tests="2" skipped="0" failures="0" errors="0" timestamp="2020-11-25T17:27:46" hostname="DESKTOP-L8UH5MK" time="0.016">
  <properties/>
  <testcase name="init()" classname="http.response.HttpResponseBodyTest" time="0.004"/>
  <testcase name="setBody()" classname="http.response.HttpResponseBodyTest" time="0.012"/>
  <system-out><![CDATA[]]></system-out>
  <system-err><![CDATA[]]></system-err>
</testsuite>
