<?xml version="1.0" encoding="UTF-8"?>
<testsuite name="http.request.HttpRequestUrlTest" tests="2" skipped="0" failures="0" errors="0" timestamp="2020-11-25T17:27:46" hostname="DESKTOP-L8UH5MK" time="0.003">
  <properties/>
  <testcase name="getUrl()" classname="http.request.HttpRequestUrlTest" time="0.001"/>
  <testcase name="getValue()" classname="http.request.HttpRequestUrlTest" time="0.001"/>
  <system-out><![CDATA[]]></system-out>
  <system-err><![CDATA[]]></system-err>
</testsuite>
