<?xml version="1.0" encoding="UTF-8"?>
<testsuite name="http.HttpSessionTest" tests="3" skipped="0" failures="0" errors="0" timestamp="2020-11-25T17:27:46" hostname="DESKTOP-L8UH5MK" time="0.003">
  <properties/>
  <testcase name="constructor()" classname="http.HttpSessionTest" time="0.0"/>
  <testcase name="getAttribute()" classname="http.HttpSessionTest" time="0.001"/>
  <testcase name="removeAttribute()" classname="http.HttpSessionTest" time="0.001"/>
  <system-out><![CDATA[]]></system-out>
  <system-err><![CDATA[]]></system-err>
</testsuite>
