<?xml version="1.0" encoding="UTF-8"?>
<testsuite name="http.HttpSessionStorageTest" tests="2" skipped="0" failures="0" errors="0" timestamp="2020-11-25T17:27:46" hostname="DESKTOP-L8UH5MK" time="0.003">
  <properties/>
  <testcase name="isExist_True()" classname="http.HttpSessionStorageTest" time="0.002"/>
  <testcase name="isExist_False()" classname="http.HttpSessionStorageTest" time="0.001"/>
  <system-out><![CDATA[]]></system-out>
  <system-err><![CDATA[]]></system-err>
</testsuite>
