<?xml version="1.0" encoding="UTF-8"?>
<testsuite name="utils.IOUtilsTest" tests="1" skipped="0" failures="0" errors="0" timestamp="2020-11-25T17:27:47" hostname="DESKTOP-L8UH5MK" time="0.001">
  <properties/>
  <testcase name="readData()" classname="utils.IOUtilsTest" time="0.001"/>
  <system-out><![CDATA[02:27:47.021 [Test worker] DEBUG utils.IOUtilsTest - parse body : abcd123
]]></system-out>
  <system-err><![CDATA[]]></system-err>
</testsuite>
