<?xml version="1.0" encoding="UTF-8"?>
<testsuite name="http.response.HttpStatusTest" tests="2" skipped="0" failures="0" errors="0" timestamp="2020-11-25T17:27:46" hostname="DESKTOP-L8UH5MK" time="0.035">
  <properties/>
  <testcase name="getCode(HttpStatus, int)[1]" classname="http.response.HttpStatusTest" time="0.031"/>
  <testcase name="getCode(HttpStatus, int)[2]" classname="http.response.HttpStatusTest" time="0.001"/>
  <system-out><![CDATA[]]></system-out>
  <system-err><![CDATA[]]></system-err>
</testsuite>
