<?xml version="1.0" encoding="UTF-8"?>
<testsuite name="type.method.MethodTypeTest" tests="3" skipped="0" failures="0" errors="0" timestamp="2020-11-25T17:27:46" hostname="DESKTOP-L8UH5MK" time="0.013">
  <properties/>
  <testcase name="find_Exception()" classname="type.method.MethodTypeTest" time="0.007"/>
  <testcase name="find_HTTP_Method(String, MethodType)[1]" classname="type.method.MethodTypeTest" time="0.001"/>
  <testcase name="find_HTTP_Method(String, MethodType)[2]" classname="type.method.MethodTypeTest" time="0.0"/>
  <system-out><![CDATA[]]></system-out>
  <system-err><![CDATA[]]></system-err>
</testsuite>
