<?xml version="1.0" encoding="UTF-8"?>
<testsuite name="service.UserServiceTest" tests="3" skipped="0" failures="0" errors="0" timestamp="2020-11-25T17:27:42" hostname="DESKTOP-L8UH5MK" time="0.155">
  <properties/>
  <testcase name="create_post()" classname="service.UserServiceTest" time="0.106"/>
  <testcase name="login()" classname="service.UserServiceTest" time="0.046"/>
  <testcase name="create_get()" classname="service.UserServiceTest" time="0.002"/>
  <system-out><![CDATA[]]></system-out>
  <system-err><![CDATA[]]></system-err>
</testsuite>
